<?xml version="1.0" encoding="UTF-8"?>
<testsuites name="PrimeOS Precision Modules" tests="4" failures="0" errors="3" time="0" timestamp="2025-05-26T04:58:35.753Z">
  <testsuite name="bigint" tests="1" failures="0" errors="0" time="0">
    <testcase name="test-1" classname="bigint" time="0"/>
  </testsuite>
  <testsuite name="cache" tests="1" failures="0" errors="0" time="0">
    <testcase name="test-1" classname="cache" time="0"/>
  </testsuite>
  <testsuite name="modular" tests="1" failures="0" errors="0" time="0">
    <testcase name="test-1" classname="modular" time="0"/>
  </testsuite>
  <testsuite name="checksums" tests="1" failures="0" errors="0" time="0">
    <testcase name="test-1" classname="checksums" time="0"/>
  </testsuite>
  <testsuite name="utils" tests="0" failures="0" errors="1" time="0">
    <testcase name="module-test" classname="utils" time="0">
      <error message="Module test failed">
> utils@0.1.0 test
> jest

</error>
    </testcase>
  </testsuite>
  <testsuite name="verification" tests="0" failures="0" errors="1" time="0">
    <testcase name="module-test" classname="verification" time="0">
      <error message="Module test failed">
> @primeos/core-precision-verification@1.0.0 test
> jest

</error>
    </testcase>
  </testsuite>
  <testsuite name="verification-cache" tests="0" failures="0" errors="1" time="0">
    <testcase name="module-test" classname="verification-cache" time="0">
      <error message="Module test failed">
> @primeos/core-precision-verification@1.0.0 test
> jest

</error>
    </testcase>
  </testsuite>
</testsuites>